<?xml version="1.0" encoding="UTF-8"?>
<!-- Generated by org.testng.reporters.JUnitReportReporter -->
<testsuite hostname="HRK1-LHP-F49319" name="com.bottomline.tests.AppTest" tests="1" failures="0" timestamp="12 May 2016 15:41:48 GMT" time="31.786" errors="0">
  <testcase name="test" time="31.786" classname="com.bottomline.tests.AppTest"/>
</testsuite> <!-- com.bottomline.tests.AppTest -->
